This file contains any messages produced by compilers while
running configure, to aid debugging if configure makes a mistake.

It was created by nprint configure 1.1.7, which was
generated by GNU Autoconf 2.69.  Invocation command line was

  $ ./configure 

## --------- ##
## Platform. ##
## --------- ##

hostname = tpol.research.cs.colgate.edu
uname -m = x86_64
uname -r = 5.4.0-31-generic
uname -s = Linux
uname -v = #35-Ubuntu SMP Thu May 7 20:20:34 UTC 2020

/usr/bin/uname -p = x86_64
/bin/uname -X     = unknown

/bin/arch              = x86_64
/usr/bin/arch -k       = unknown
/usr/convex/getsysinfo = unknown
/usr/bin/hostinfo      = unknown
/bin/machine           = unknown
/usr/bin/oslevel       = unknown
/bin/universe          = unknown

PATH: /users/xjiang/.vscode-server/bin/c185983a683d14c396952dd432459097bc7f757f/bin
PATH: /users/xjiang/bin
PATH: /users/xjiang/.local/bin
PATH: /users/xjiang/.vscode-server/bin/c185983a683d14c396952dd432459097bc7f757f/bin
PATH: /usr/local/sbin
PATH: /usr/local/bin
PATH: /usr/sbin
PATH: /usr/bin
PATH: /sbin
PATH: /bin
PATH: /usr/games
PATH: /usr/local/games


## ----------- ##
## Core tests. ##
## ----------- ##

configure:2490: checking for g++
configure:2506: found /usr/bin/g++
configure:2517: result: g++
configure:2544: checking for C++ compiler version
configure:2553: g++ --version >&5
g++ (Ubuntu 9.3.0-10ubuntu2) 9.3.0
Copyright (C) 2019 Free Software Foundation, Inc.
This is free software; see the source for copying conditions.  There is NO
warranty; not even for MERCHANTABILITY or FITNESS FOR A PARTICULAR PURPOSE.

configure:2564: $? = 0
configure:2553: g++ -v >&5
Using built-in specs.
COLLECT_GCC=g++
COLLECT_LTO_WRAPPER=/usr/lib/gcc/x86_64-linux-gnu/9/lto-wrapper
OFFLOAD_TARGET_NAMES=nvptx-none:hsa
OFFLOAD_TARGET_DEFAULT=1
Target: x86_64-linux-gnu
Configured with: ../src/configure -v --with-pkgversion='Ubuntu 9.3.0-10ubuntu2' --with-bugurl=file:///usr/share/doc/gcc-9/README.Bugs --enable-languages=c,ada,c++,go,brig,d,fortran,objc,obj-c++,gm2 --prefix=/usr --with-gcc-major-version-only --program-suffix=-9 --program-prefix=x86_64-linux-gnu- --enable-shared --enable-linker-build-id --libexecdir=/usr/lib --without-included-gettext --enable-threads=posix --libdir=/usr/lib --enable-nls --enable-clocale=gnu --enable-libstdcxx-debug --enable-libstdcxx-time=yes --with-default-libstdcxx-abi=new --enable-gnu-unique-object --disable-vtable-verify --enable-plugin --enable-default-pie --with-system-zlib --with-target-system-zlib=auto --enable-objc-gc=auto --enable-multiarch --disable-werror --with-arch-32=i686 --with-abi=m64 --with-multilib-list=m32,m64,mx32 --enable-multilib --with-tune=generic --enable-offload-targets=nvptx-none,hsa --without-cuda-driver --enable-checking=release --build=x86_64-linux-gnu --host=x86_64-linux-gnu --target=x86_64-linux-gnu
Thread model: posix
gcc version 9.3.0 (Ubuntu 9.3.0-10ubuntu2) 
configure:2564: $? = 0
configure:2553: g++ -V >&5
g++: error: unrecognized command line option '-V'
g++: fatal error: no input files
compilation terminated.
configure:2564: $? = 1
configure:2553: g++ -qversion >&5
g++: error: unrecognized command line option '-qversion'; did you mean '--version'?
g++: fatal error: no input files
compilation terminated.
configure:2564: $? = 1
configure:2584: checking whether the C++ compiler works
configure:2606: g++    conftest.cpp  >&5
configure:2610: $? = 0
configure:2658: result: yes
configure:2661: checking for C++ compiler default output file name
configure:2663: result: a.out
configure:2669: checking for suffix of executables
configure:2676: g++ -o conftest    conftest.cpp  >&5
configure:2680: $? = 0
configure:2702: result: 
configure:2724: checking whether we are cross compiling
configure:2732: g++ -o conftest    conftest.cpp  >&5
configure:2736: $? = 0
configure:2743: ./conftest
configure:2747: $? = 0
configure:2735: result: no
configure:2740: checking for suffix of object files
configure:2762: g++ -c   conftest.cpp >&5
configure:2766: $? = 0
configure:2787: result: o
configure:2791: checking whether we are using the GNU C++ compiler
configure:2810: g++ -c   conftest.cpp >&5
configure:2810: $? = 0
configure:2819: result: yes
configure:2828: checking whether g++ accepts -g
configure:2848: g++ -c -g  conftest.cpp >&5
configure:2848: $? = 0
configure:2889: result: yes
configure:2965: checking for gcc
configure:2981: found /usr/bin/gcc
configure:2992: result: gcc
configure:3221: checking for C compiler version
configure:3230: gcc --version >&5
gcc (Ubuntu 9.3.0-10ubuntu2) 9.3.0
Copyright (C) 2019 Free Software Foundation, Inc.
This is free software; see the source for copying conditions.  There is NO
warranty; not even for MERCHANTABILITY or FITNESS FOR A PARTICULAR PURPOSE.

configure:3241: $? = 0
configure:3230: gcc -v >&5
Using built-in specs.
COLLECT_GCC=gcc
COLLECT_LTO_WRAPPER=/usr/lib/gcc/x86_64-linux-gnu/9/lto-wrapper
OFFLOAD_TARGET_NAMES=nvptx-none:hsa
OFFLOAD_TARGET_DEFAULT=1
Target: x86_64-linux-gnu
Configured with: ../src/configure -v --with-pkgversion='Ubuntu 9.3.0-10ubuntu2' --with-bugurl=file:///usr/share/doc/gcc-9/README.Bugs --enable-languages=c,ada,c++,go,brig,d,fortran,objc,obj-c++,gm2 --prefix=/usr --with-gcc-major-version-only --program-suffix=-9 --program-prefix=x86_64-linux-gnu- --enable-shared --enable-linker-build-id --libexecdir=/usr/lib --without-included-gettext --enable-threads=posix --libdir=/usr/lib --enable-nls --enable-clocale=gnu --enable-libstdcxx-debug --enable-libstdcxx-time=yes --with-default-libstdcxx-abi=new --enable-gnu-unique-object --disable-vtable-verify --enable-plugin --enable-default-pie --with-system-zlib --with-target-system-zlib=auto --enable-objc-gc=auto --enable-multiarch --disable-werror --with-arch-32=i686 --with-abi=m64 --with-multilib-list=m32,m64,mx32 --enable-multilib --with-tune=generic --enable-offload-targets=nvptx-none,hsa --without-cuda-driver --enable-checking=release --build=x86_64-linux-gnu --host=x86_64-linux-gnu --target=x86_64-linux-gnu
Thread model: posix
gcc version 9.3.0 (Ubuntu 9.3.0-10ubuntu2) 
configure:3241: $? = 0
configure:3230: gcc -V >&5
gcc: error: unrecognized command line option '-V'
gcc: fatal error: no input files
compilation terminated.
configure:3241: $? = 1
configure:3230: gcc -qversion >&5
gcc: error: unrecognized command line option '-qversion'; did you mean '--version'?
gcc: fatal error: no input files
compilation terminated.
configure:3241: $? = 1
configure:3245: checking whether we are using the GNU C compiler
configure:3264: gcc -c   conftest.c >&5
configure:3264: $? = 0
configure:3273: result: yes
configure:3282: checking whether gcc accepts -g
configure:3302: gcc -c -g  conftest.c >&5
configure:3302: $? = 0
configure:3343: result: yes
configure:3360: checking for gcc option to accept ISO C89
configure:3423: gcc  -c -g -O2  conftest.c >&5
configure:3423: $? = 0
configure:3436: result: none needed
configure:3461: checking whether gcc understands -c and -o together
configure:3483: gcc -c conftest.c -o conftest2.o
configure:3486: $? = 0
configure:3483: gcc -c conftest.c -o conftest2.o
configure:3486: $? = 0
configure:3498: result: yes
configure:3516: checking for pcap_loop in -lpcap
configure:3541: gcc -o conftest -g -O2   conftest.c -lpcap   >&5
configure:3541: $? = 0
configure:3550: result: yes
configure:3568: checking how to run the C preprocessor
configure:3599: gcc -E  conftest.c
configure:3599: $? = 0
configure:3613: gcc -E  conftest.c
conftest.c:10:10: fatal error: ac_nonexistent.h: No such file or directory
   10 | #include <ac_nonexistent.h>
      |          ^~~~~~~~~~~~~~~~~~
compilation terminated.
configure:3613: $? = 1
configure: failed program was:
| /* confdefs.h */
| #define PACKAGE_NAME "nprint"
| #define PACKAGE_TARNAME "nprint"
| #define PACKAGE_VERSION "1.1.7"
| #define PACKAGE_STRING "nprint 1.1.7"
| #define PACKAGE_BUGREPORT "jordanah@princeton.edu"
| #define PACKAGE_URL ""
| #define HAVE_LIBPCAP 1
| /* end confdefs.h.  */
| #include <ac_nonexistent.h>
configure:3638: result: gcc -E
configure:3658: gcc -E  conftest.c
configure:3658: $? = 0
configure:3672: gcc -E  conftest.c
conftest.c:10:10: fatal error: ac_nonexistent.h: No such file or directory
   10 | #include <ac_nonexistent.h>
      |          ^~~~~~~~~~~~~~~~~~
compilation terminated.
configure:3672: $? = 1
configure: failed program was:
| /* confdefs.h */
| #define PACKAGE_NAME "nprint"
| #define PACKAGE_TARNAME "nprint"
| #define PACKAGE_VERSION "1.1.7"
| #define PACKAGE_STRING "nprint 1.1.7"
| #define PACKAGE_BUGREPORT "jordanah@princeton.edu"
| #define PACKAGE_URL ""
| #define HAVE_LIBPCAP 1
| /* end confdefs.h.  */
| #include <ac_nonexistent.h>
configure:3701: checking for grep that handles long lines and -e
configure:3759: result: /usr/bin/grep
configure:3764: checking for egrep
configure:3826: result: /usr/bin/grep -E
configure:3831: checking for ANSI C header files
configure:3851: gcc -c -g -O2  conftest.c >&5
configure:3851: $? = 0
configure:3924: gcc -o conftest -g -O2   conftest.c -lpcap  >&5
configure:3924: $? = 0
configure:3924: ./conftest
configure:3924: $? = 0
configure:3935: result: yes
configure:3948: checking for sys/types.h
configure:3948: gcc -c -g -O2  conftest.c >&5
configure:3948: $? = 0
configure:3948: result: yes
configure:3948: checking for sys/stat.h
configure:3948: gcc -c -g -O2  conftest.c >&5
configure:3948: $? = 0
configure:3948: result: yes
configure:3948: checking for stdlib.h
configure:3948: gcc -c -g -O2  conftest.c >&5
configure:3948: $? = 0
configure:3948: result: yes
configure:3948: checking for string.h
configure:3948: gcc -c -g -O2  conftest.c >&5
configure:3948: $? = 0
configure:3948: result: yes
configure:3948: checking for memory.h
configure:3948: gcc -c -g -O2  conftest.c >&5
configure:3948: $? = 0
configure:3948: result: yes
configure:3948: checking for strings.h
configure:3948: gcc -c -g -O2  conftest.c >&5
configure:3948: $? = 0
configure:3948: result: yes
configure:3948: checking for inttypes.h
configure:3948: gcc -c -g -O2  conftest.c >&5
configure:3948: $? = 0
configure:3948: result: yes
configure:3948: checking for stdint.h
configure:3948: gcc -c -g -O2  conftest.c >&5
configure:3948: $? = 0
configure:3948: result: yes
configure:3948: checking for unistd.h
configure:3948: gcc -c -g -O2  conftest.c >&5
configure:3948: $? = 0
configure:3948: result: yes
configure:3963: checking arpa/inet.h usability
configure:3963: gcc -c -g -O2  conftest.c >&5
configure:3963: $? = 0
configure:3963: result: yes
configure:3963: checking arpa/inet.h presence
configure:3963: gcc -E  conftest.c
configure:3963: $? = 0
configure:3963: result: yes
configure:3963: checking for arpa/inet.h
configure:3963: result: yes
configure:3963: checking for stdint.h
configure:3963: result: yes
configure:3963: checking for stdlib.h
configure:3963: result: yes
configure:3963: checking for string.h
configure:3963: result: yes
configure:3975: checking for stdbool.h that conforms to C99
configure:4042: gcc -c -g -O2  conftest.c >&5
configure:4042: $? = 0
configure:4049: result: yes
configure:4051: checking for _Bool
configure:4051: gcc -c -g -O2  conftest.c >&5
configure:4051: $? = 0
configure:4051: gcc -c -g -O2  conftest.c >&5
conftest.c: In function 'main':
conftest.c:60:20: error: expected expression before ')' token
   60 | if (sizeof ((_Bool)))
      |                    ^
configure:4051: $? = 1
configure: failed program was:
| /* confdefs.h */
| #define PACKAGE_NAME "nprint"
| #define PACKAGE_TARNAME "nprint"
| #define PACKAGE_VERSION "1.1.7"
| #define PACKAGE_STRING "nprint 1.1.7"
| #define PACKAGE_BUGREPORT "jordanah@princeton.edu"
| #define PACKAGE_URL ""
| #define HAVE_LIBPCAP 1
| #define STDC_HEADERS 1
| #define HAVE_SYS_TYPES_H 1
| #define HAVE_SYS_STAT_H 1
| #define HAVE_STDLIB_H 1
| #define HAVE_STRING_H 1
| #define HAVE_MEMORY_H 1
| #define HAVE_STRINGS_H 1
| #define HAVE_INTTYPES_H 1
| #define HAVE_STDINT_H 1
| #define HAVE_UNISTD_H 1
| #define HAVE_ARPA_INET_H 1
| #define HAVE_STDINT_H 1
| #define HAVE_STDLIB_H 1
| #define HAVE_STRING_H 1
| /* end confdefs.h.  */
| #include <stdio.h>
| #ifdef HAVE_SYS_TYPES_H
| # include <sys/types.h>
| #endif
| #ifdef HAVE_SYS_STAT_H
| # include <sys/stat.h>
| #endif
| #ifdef STDC_HEADERS
| # include <stdlib.h>
| # include <stddef.h>
| #else
| # ifdef HAVE_STDLIB_H
| #  include <stdlib.h>
| # endif
| #endif
| #ifdef HAVE_STRING_H
| # if !defined STDC_HEADERS && defined HAVE_MEMORY_H
| #  include <memory.h>
| # endif
| # include <string.h>
| #endif
| #ifdef HAVE_STRINGS_H
| # include <strings.h>
| #endif
| #ifdef HAVE_INTTYPES_H
| # include <inttypes.h>
| #endif
| #ifdef HAVE_STDINT_H
| # include <stdint.h>
| #endif
| #ifdef HAVE_UNISTD_H
| # include <unistd.h>
| #endif
| int
| main ()
| {
| if (sizeof ((_Bool)))
| 	    return 0;
|   ;
|   return 0;
| }
configure:4051: result: yes
configure:4062: checking for int32_t
configure:4062: gcc -c -g -O2  conftest.c >&5
configure:4062: $? = 0
configure:4062: gcc -c -g -O2  conftest.c >&5
conftest.c: In function 'main':
conftest.c:63:53: warning: integer overflow in expression of type 'int' results in '-2147483648' [-Woverflow]
   63 |    < (int32_t) (((((int32_t) 1 << N) << N) - 1) * 2 + 2))];
      |                                                     ^
conftest.c:62:12: error: storage size of 'test_array' isn't constant
   62 | static int test_array [1 - 2 * !((int32_t) (((((int32_t) 1 << N) << N) - 1) * 2 + 1)
      |            ^~~~~~~~~~
configure:4062: $? = 1
configure: failed program was:
| /* confdefs.h */
| #define PACKAGE_NAME "nprint"
| #define PACKAGE_TARNAME "nprint"
| #define PACKAGE_VERSION "1.1.7"
| #define PACKAGE_STRING "nprint 1.1.7"
| #define PACKAGE_BUGREPORT "jordanah@princeton.edu"
| #define PACKAGE_URL ""
| #define HAVE_LIBPCAP 1
| #define STDC_HEADERS 1
| #define HAVE_SYS_TYPES_H 1
| #define HAVE_SYS_STAT_H 1
| #define HAVE_STDLIB_H 1
| #define HAVE_STRING_H 1
| #define HAVE_MEMORY_H 1
| #define HAVE_STRINGS_H 1
| #define HAVE_INTTYPES_H 1
| #define HAVE_STDINT_H 1
| #define HAVE_UNISTD_H 1
| #define HAVE_ARPA_INET_H 1
| #define HAVE_STDINT_H 1
| #define HAVE_STDLIB_H 1
| #define HAVE_STRING_H 1
| #define HAVE__BOOL 1
| /* end confdefs.h.  */
| #include <stdio.h>
| #ifdef HAVE_SYS_TYPES_H
| # include <sys/types.h>
| #endif
| #ifdef HAVE_SYS_STAT_H
| # include <sys/stat.h>
| #endif
| #ifdef STDC_HEADERS
| # include <stdlib.h>
| # include <stddef.h>
| #else
| # ifdef HAVE_STDLIB_H
| #  include <stdlib.h>
| # endif
| #endif
| #ifdef HAVE_STRING_H
| # if !defined STDC_HEADERS && defined HAVE_MEMORY_H
| #  include <memory.h>
| # endif
| # include <string.h>
| #endif
| #ifdef HAVE_STRINGS_H
| # include <strings.h>
| #endif
| #ifdef HAVE_INTTYPES_H
| # include <inttypes.h>
| #endif
| #ifdef HAVE_STDINT_H
| # include <stdint.h>
| #endif
| #ifdef HAVE_UNISTD_H
| # include <unistd.h>
| #endif
| 	        enum { N = 32 / 2 - 1 };
| int
| main ()
| {
| static int test_array [1 - 2 * !((int32_t) (((((int32_t) 1 << N) << N) - 1) * 2 + 1)
| 		 < (int32_t) (((((int32_t) 1 << N) << N) - 1) * 2 + 2))];
| test_array [0] = 0;
| return test_array [0];
| 
|   ;
|   return 0;
| }
configure:4062: result: yes
configure:4073: checking for int64_t
configure:4073: gcc -c -g -O2  conftest.c >&5
configure:4073: $? = 0
configure:4073: gcc -c -g -O2  conftest.c >&5
conftest.c: In function 'main':
conftest.c:63:53: warning: integer overflow in expression of type 'long int' results in '-9223372036854775808' [-Woverflow]
   63 |    < (int64_t) (((((int64_t) 1 << N) << N) - 1) * 2 + 2))];
      |                                                     ^
conftest.c:62:12: error: storage size of 'test_array' isn't constant
   62 | static int test_array [1 - 2 * !((int64_t) (((((int64_t) 1 << N) << N) - 1) * 2 + 1)
      |            ^~~~~~~~~~
configure:4073: $? = 1
configure: failed program was:
| /* confdefs.h */
| #define PACKAGE_NAME "nprint"
| #define PACKAGE_TARNAME "nprint"
| #define PACKAGE_VERSION "1.1.7"
| #define PACKAGE_STRING "nprint 1.1.7"
| #define PACKAGE_BUGREPORT "jordanah@princeton.edu"
| #define PACKAGE_URL ""
| #define HAVE_LIBPCAP 1
| #define STDC_HEADERS 1
| #define HAVE_SYS_TYPES_H 1
| #define HAVE_SYS_STAT_H 1
| #define HAVE_STDLIB_H 1
| #define HAVE_STRING_H 1
| #define HAVE_MEMORY_H 1
| #define HAVE_STRINGS_H 1
| #define HAVE_INTTYPES_H 1
| #define HAVE_STDINT_H 1
| #define HAVE_UNISTD_H 1
| #define HAVE_ARPA_INET_H 1
| #define HAVE_STDINT_H 1
| #define HAVE_STDLIB_H 1
| #define HAVE_STRING_H 1
| #define HAVE__BOOL 1
| /* end confdefs.h.  */
| #include <stdio.h>
| #ifdef HAVE_SYS_TYPES_H
| # include <sys/types.h>
| #endif
| #ifdef HAVE_SYS_STAT_H
| # include <sys/stat.h>
| #endif
| #ifdef STDC_HEADERS
| # include <stdlib.h>
| # include <stddef.h>
| #else
| # ifdef HAVE_STDLIB_H
| #  include <stdlib.h>
| # endif
| #endif
| #ifdef HAVE_STRING_H
| # if !defined STDC_HEADERS && defined HAVE_MEMORY_H
| #  include <memory.h>
| # endif
| # include <string.h>
| #endif
| #ifdef HAVE_STRINGS_H
| # include <strings.h>
| #endif
| #ifdef HAVE_INTTYPES_H
| # include <inttypes.h>
| #endif
| #ifdef HAVE_STDINT_H
| # include <stdint.h>
| #endif
| #ifdef HAVE_UNISTD_H
| # include <unistd.h>
| #endif
| 	        enum { N = 64 / 2 - 1 };
| int
| main ()
| {
| static int test_array [1 - 2 * !((int64_t) (((((int64_t) 1 << N) << N) - 1) * 2 + 1)
| 		 < (int64_t) (((((int64_t) 1 << N) << N) - 1) * 2 + 2))];
| test_array [0] = 0;
| return test_array [0];
| 
|   ;
|   return 0;
| }
configure:4073: result: yes
configure:4084: checking for int8_t
configure:4084: gcc -c -g -O2  conftest.c >&5
configure:4084: $? = 0
configure:4084: gcc -c -g -O2  conftest.c >&5
conftest.c: In function 'main':
conftest.c:62:12: error: size of array 'test_array' is negative
   62 | static int test_array [1 - 2 * !((int8_t) (((((int8_t) 1 << N) << N) - 1) * 2 + 1)
      |            ^~~~~~~~~~
configure:4084: $? = 1
configure: failed program was:
| /* confdefs.h */
| #define PACKAGE_NAME "nprint"
| #define PACKAGE_TARNAME "nprint"
| #define PACKAGE_VERSION "1.1.7"
| #define PACKAGE_STRING "nprint 1.1.7"
| #define PACKAGE_BUGREPORT "jordanah@princeton.edu"
| #define PACKAGE_URL ""
| #define HAVE_LIBPCAP 1
| #define STDC_HEADERS 1
| #define HAVE_SYS_TYPES_H 1
| #define HAVE_SYS_STAT_H 1
| #define HAVE_STDLIB_H 1
| #define HAVE_STRING_H 1
| #define HAVE_MEMORY_H 1
| #define HAVE_STRINGS_H 1
| #define HAVE_INTTYPES_H 1
| #define HAVE_STDINT_H 1
| #define HAVE_UNISTD_H 1
| #define HAVE_ARPA_INET_H 1
| #define HAVE_STDINT_H 1
| #define HAVE_STDLIB_H 1
| #define HAVE_STRING_H 1
| #define HAVE__BOOL 1
| /* end confdefs.h.  */
| #include <stdio.h>
| #ifdef HAVE_SYS_TYPES_H
| # include <sys/types.h>
| #endif
| #ifdef HAVE_SYS_STAT_H
| # include <sys/stat.h>
| #endif
| #ifdef STDC_HEADERS
| # include <stdlib.h>
| # include <stddef.h>
| #else
| # ifdef HAVE_STDLIB_H
| #  include <stdlib.h>
| # endif
| #endif
| #ifdef HAVE_STRING_H
| # if !defined STDC_HEADERS && defined HAVE_MEMORY_H
| #  include <memory.h>
| # endif
| # include <string.h>
| #endif
| #ifdef HAVE_STRINGS_H
| # include <strings.h>
| #endif
| #ifdef HAVE_INTTYPES_H
| # include <inttypes.h>
| #endif
| #ifdef HAVE_STDINT_H
| # include <stdint.h>
| #endif
| #ifdef HAVE_UNISTD_H
| # include <unistd.h>
| #endif
| 	        enum { N = 8 / 2 - 1 };
| int
| main ()
| {
| static int test_array [1 - 2 * !((int8_t) (((((int8_t) 1 << N) << N) - 1) * 2 + 1)
| 		 < (int8_t) (((((int8_t) 1 << N) << N) - 1) * 2 + 2))];
| test_array [0] = 0;
| return test_array [0];
| 
|   ;
|   return 0;
| }
configure:4084: result: yes
configure:4095: checking for size_t
configure:4095: gcc -c -g -O2  conftest.c >&5
configure:4095: $? = 0
configure:4095: gcc -c -g -O2  conftest.c >&5
conftest.c: In function 'main':
conftest.c:61:21: error: expected expression before ')' token
   61 | if (sizeof ((size_t)))
      |                     ^
configure:4095: $? = 1
configure: failed program was:
| /* confdefs.h */
| #define PACKAGE_NAME "nprint"
| #define PACKAGE_TARNAME "nprint"
| #define PACKAGE_VERSION "1.1.7"
| #define PACKAGE_STRING "nprint 1.1.7"
| #define PACKAGE_BUGREPORT "jordanah@princeton.edu"
| #define PACKAGE_URL ""
| #define HAVE_LIBPCAP 1
| #define STDC_HEADERS 1
| #define HAVE_SYS_TYPES_H 1
| #define HAVE_SYS_STAT_H 1
| #define HAVE_STDLIB_H 1
| #define HAVE_STRING_H 1
| #define HAVE_MEMORY_H 1
| #define HAVE_STRINGS_H 1
| #define HAVE_INTTYPES_H 1
| #define HAVE_STDINT_H 1
| #define HAVE_UNISTD_H 1
| #define HAVE_ARPA_INET_H 1
| #define HAVE_STDINT_H 1
| #define HAVE_STDLIB_H 1
| #define HAVE_STRING_H 1
| #define HAVE__BOOL 1
| /* end confdefs.h.  */
| #include <stdio.h>
| #ifdef HAVE_SYS_TYPES_H
| # include <sys/types.h>
| #endif
| #ifdef HAVE_SYS_STAT_H
| # include <sys/stat.h>
| #endif
| #ifdef STDC_HEADERS
| # include <stdlib.h>
| # include <stddef.h>
| #else
| # ifdef HAVE_STDLIB_H
| #  include <stdlib.h>
| # endif
| #endif
| #ifdef HAVE_STRING_H
| # if !defined STDC_HEADERS && defined HAVE_MEMORY_H
| #  include <memory.h>
| # endif
| # include <string.h>
| #endif
| #ifdef HAVE_STRINGS_H
| # include <strings.h>
| #endif
| #ifdef HAVE_INTTYPES_H
| # include <inttypes.h>
| #endif
| #ifdef HAVE_STDINT_H
| # include <stdint.h>
| #endif
| #ifdef HAVE_UNISTD_H
| # include <unistd.h>
| #endif
| int
| main ()
| {
| if (sizeof ((size_t)))
| 	    return 0;
|   ;
|   return 0;
| }
configure:4095: result: yes
configure:4106: checking for uint16_t
configure:4106: gcc -c -g -O2  conftest.c >&5
configure:4106: $? = 0
configure:4106: result: yes
configure:4118: checking for uint32_t
configure:4118: gcc -c -g -O2  conftest.c >&5
configure:4118: $? = 0
configure:4118: result: yes
configure:4132: checking for uint64_t
configure:4132: gcc -c -g -O2  conftest.c >&5
configure:4132: $? = 0
configure:4132: result: yes
configure:4146: checking for uint8_t
configure:4146: gcc -c -g -O2  conftest.c >&5
configure:4146: $? = 0
configure:4146: result: yes
configure:4164: checking for inet_ntoa
configure:4164: gcc -o conftest -g -O2   conftest.c -lpcap  >&5
configure:4164: $? = 0
configure:4164: result: yes
configure:4181: checking build system type
configure:4195: result: x86_64-pc-linux-gnu
configure:4215: checking host system type
configure:4228: result: x86_64-pc-linux-gnu
configure:4277: checking for a BSD-compatible install
configure:4345: result: /usr/bin/install -c
configure:4356: checking whether build environment is sane
configure:4411: result: yes
configure:4557: checking for a thread-safe mkdir -p
configure:4596: result: /usr/bin/mkdir -p
configure:4603: checking for gawk
configure:4633: result: no
configure:4603: checking for mawk
configure:4619: found /usr/bin/mawk
configure:4630: result: mawk
configure:4641: checking whether make sets $(MAKE)
configure:4663: result: yes
configure:4685: checking whether make supports the include directive
configure:4700: make -f confmf.GNU && cat confinc.out
this is the am__doit target
configure:4703: $? = 0
configure:4722: result: yes (GNU style)
configure:4755: checking whether make supports nested variables
configure:4772: result: yes
configure:4857: checking dependency style of gcc
configure:4968: result: gcc3
configure:4985: checking dependency style of g++
configure:5096: result: gcc3
configure:5259: checking that generated files are newer than configure
configure:5265: result: done
configure:5292: creating ./config.status

## ---------------------- ##
## Running config.status. ##
## ---------------------- ##

This file was extended by nprint config.status 1.1.7, which was
generated by GNU Autoconf 2.69.  Invocation command line was

  CONFIG_FILES    = 
  CONFIG_HEADERS  = 
  CONFIG_LINKS    = 
  CONFIG_COMMANDS = 
  $ ./config.status 

on tpol.research.cs.colgate.edu

config.status:872: creating Makefile
config.status:872: creating config.h
config.status:1101: executing depfiles commands
config.status:1178: cd .       && sed -e '/# am--include-marker/d' Makefile         | make -f - am--depfiles
config.status:1183: $? = 0

## ---------------- ##
## Cache variables. ##
## ---------------- ##

ac_cv_build=x86_64-pc-linux-gnu
ac_cv_c_compiler_gnu=yes
ac_cv_c_int32_t=yes
ac_cv_c_int64_t=yes
ac_cv_c_int8_t=yes
ac_cv_c_uint16_t=yes
ac_cv_c_uint32_t=yes
ac_cv_c_uint64_t=yes
ac_cv_c_uint8_t=yes
ac_cv_cxx_compiler_gnu=yes
ac_cv_env_CCC_set=
ac_cv_env_CCC_value=
ac_cv_env_CC_set=
ac_cv_env_CC_value=
ac_cv_env_CFLAGS_set=
ac_cv_env_CFLAGS_value=
ac_cv_env_CPPFLAGS_set=
ac_cv_env_CPPFLAGS_value=
ac_cv_env_CPP_set=
ac_cv_env_CPP_value=
ac_cv_env_CXXFLAGS_set=
ac_cv_env_CXXFLAGS_value=
ac_cv_env_CXX_set=
ac_cv_env_CXX_value=
ac_cv_env_LDFLAGS_set=
ac_cv_env_LDFLAGS_value=
ac_cv_env_LIBS_set=
ac_cv_env_LIBS_value=
ac_cv_env_build_alias_set=
ac_cv_env_build_alias_value=
ac_cv_env_host_alias_set=
ac_cv_env_host_alias_value=
ac_cv_env_target_alias_set=
ac_cv_env_target_alias_value=
ac_cv_func_inet_ntoa=yes
ac_cv_header_arpa_inet_h=yes
ac_cv_header_inttypes_h=yes
ac_cv_header_memory_h=yes
ac_cv_header_stdbool_h=yes
ac_cv_header_stdc=yes
ac_cv_header_stdint_h=yes
ac_cv_header_stdlib_h=yes
ac_cv_header_string_h=yes
ac_cv_header_strings_h=yes
ac_cv_header_sys_stat_h=yes
ac_cv_header_sys_types_h=yes
ac_cv_header_unistd_h=yes
ac_cv_host=x86_64-pc-linux-gnu
ac_cv_lib_pcap_pcap_loop=yes
ac_cv_objext=o
ac_cv_path_EGREP='/usr/bin/grep -E'
ac_cv_path_GREP=/usr/bin/grep
ac_cv_path_install='/usr/bin/install -c'
ac_cv_path_mkdir=/usr/bin/mkdir
ac_cv_prog_AWK=mawk
ac_cv_prog_CPP='gcc -E'
ac_cv_prog_ac_ct_CC=gcc
ac_cv_prog_ac_ct_CXX=g++
ac_cv_prog_cc_c89=
ac_cv_prog_cc_g=yes
ac_cv_prog_cxx_g=yes
ac_cv_prog_make_make_set=yes
ac_cv_type__Bool=yes
ac_cv_type_size_t=yes
am_cv_CC_dependencies_compiler_type=gcc3
am_cv_CXX_dependencies_compiler_type=gcc3
am_cv_make_support_nested_variables=yes
am_cv_prog_cc_c_o=yes

## ----------------- ##
## Output variables. ##
## ----------------- ##

ACLOCAL='${SHELL} /users/xjiang/Automated_IoT_Traffic_Generation/nprint-1.1.7/build-aux/missing aclocal-1.16'
AMDEPBACKSLASH='\'
AMDEP_FALSE='#'
AMDEP_TRUE=''
AMTAR='$${TAR-tar}'
AM_BACKSLASH='\'
AM_DEFAULT_V='$(AM_DEFAULT_VERBOSITY)'
AM_DEFAULT_VERBOSITY='1'
AM_V='$(V)'
AUTOCONF='${SHELL} /users/xjiang/Automated_IoT_Traffic_Generation/nprint-1.1.7/build-aux/missing autoconf'
AUTOHEADER='${SHELL} /users/xjiang/Automated_IoT_Traffic_Generation/nprint-1.1.7/build-aux/missing autoheader'
AUTOMAKE='${SHELL} /users/xjiang/Automated_IoT_Traffic_Generation/nprint-1.1.7/build-aux/missing automake-1.16'
AWK='mawk'
CC='gcc'
CCDEPMODE='depmode=gcc3'
CFLAGS='-g -O2'
CPP='gcc -E'
CPPFLAGS=''
CXX='g++'
CXXDEPMODE='depmode=gcc3'
CXXFLAGS='-g -O2'
CYGPATH_W='echo'
DEFS='-DHAVE_CONFIG_H'
DEPDIR='.deps'
ECHO_C=''
ECHO_N='-n'
ECHO_T=''
EGREP='/usr/bin/grep -E'
EXEEXT=''
GREP='/usr/bin/grep'
INSTALL_DATA='${INSTALL} -m 644'
INSTALL_PROGRAM='${INSTALL}'
INSTALL_SCRIPT='${INSTALL}'
INSTALL_STRIP_PROGRAM='$(install_sh) -c -s'
LDFLAGS=''
LIBOBJS=''
LIBS='-lpcap '
LTLIBOBJS=''
MAKEINFO='${SHELL} /users/xjiang/Automated_IoT_Traffic_Generation/nprint-1.1.7/build-aux/missing makeinfo'
MKDIR_P='/usr/bin/mkdir -p'
OBJEXT='o'
PACKAGE='nprint'
PACKAGE_BUGREPORT='jordanah@princeton.edu'
PACKAGE_NAME='nprint'
PACKAGE_STRING='nprint 1.1.7'
PACKAGE_TARNAME='nprint'
PACKAGE_URL=''
PACKAGE_VERSION='1.1.7'
PATH_SEPARATOR=':'
SET_MAKE=''
SHELL='/bin/bash'
STRIP=''
VERSION='1.1.7'
WRAPPER_CPPFLAGS=''
WRAPPER_LDFLAGS=''
ac_ct_CC='gcc'
ac_ct_CXX='g++'
am__EXEEXT_FALSE=''
am__EXEEXT_TRUE='#'
am__fastdepCC_FALSE='#'
am__fastdepCC_TRUE=''
am__fastdepCXX_FALSE='#'
am__fastdepCXX_TRUE=''
am__include='include'
am__isrc=''
am__leading_dot='.'
am__nodep='_no'
am__quote=''
am__tar='$${TAR-tar} chof - "$$tardir"'
am__untar='$${TAR-tar} xf -'
bindir='${exec_prefix}/bin'
build='x86_64-pc-linux-gnu'
build_alias=''
build_cpu='x86_64'
build_os='linux-gnu'
build_vendor='pc'
datadir='${datarootdir}'
datarootdir='${prefix}/share'
docdir='${datarootdir}/doc/${PACKAGE_TARNAME}'
dvidir='${docdir}'
exec_prefix='${prefix}'
host='x86_64-pc-linux-gnu'
host_alias=''
host_cpu='x86_64'
host_os='linux-gnu'
host_vendor='pc'
htmldir='${docdir}'
includedir='${prefix}/include'
infodir='${datarootdir}/info'
install_sh='${SHELL} /users/xjiang/Automated_IoT_Traffic_Generation/nprint-1.1.7/build-aux/install-sh'
libdir='${exec_prefix}/lib'
libexecdir='${exec_prefix}/libexec'
localedir='${datarootdir}/locale'
localstatedir='${prefix}/var'
mandir='${datarootdir}/man'
mkdir_p='$(MKDIR_P)'
oldincludedir='/usr/include'
pdfdir='${docdir}'
prefix='/usr/local'
program_transform_name='s,x,x,'
psdir='${docdir}'
runstatedir='${localstatedir}/run'
sbindir='${exec_prefix}/sbin'
sharedstatedir='${prefix}/com'
sysconfdir='${prefix}/etc'
target_alias=''

## ----------- ##
## confdefs.h. ##
## ----------- ##

/* confdefs.h */
#define PACKAGE_NAME "nprint"
#define PACKAGE_TARNAME "nprint"
#define PACKAGE_VERSION "1.1.7"
#define PACKAGE_STRING "nprint 1.1.7"
#define PACKAGE_BUGREPORT "jordanah@princeton.edu"
#define PACKAGE_URL ""
#define HAVE_LIBPCAP 1
#define STDC_HEADERS 1
#define HAVE_SYS_TYPES_H 1
#define HAVE_SYS_STAT_H 1
#define HAVE_STDLIB_H 1
#define HAVE_STRING_H 1
#define HAVE_MEMORY_H 1
#define HAVE_STRINGS_H 1
#define HAVE_INTTYPES_H 1
#define HAVE_STDINT_H 1
#define HAVE_UNISTD_H 1
#define HAVE_ARPA_INET_H 1
#define HAVE_STDINT_H 1
#define HAVE_STDLIB_H 1
#define HAVE_STRING_H 1
#define HAVE__BOOL 1
#define HAVE_INET_NTOA 1
#define PACKAGE "nprint"
#define VERSION "1.1.7"

configure: exit 0
